Requirement already satisfied: fastapi==0.115.0 in d:\usuarios\alumno\escritorio\trackingmed-app\backend\.venv\lib\site-packages (from -r requirements.txt (line 2)) (0.115.0)
Requirement already satisfied: uvicorn==0.30.6 in d:\usuarios\alumno\escritorio\trackingmed-app\backend\.venv\lib\site-packages (from uvicorn[standard]==0.30.6->-r requirements.txt (line 5)) (0.30.6)
Requirement already satisfied: sqlalchemy==2.0.32 in d:\usuarios\alumno\escritorio\trackingmed-app\backend\.venv\lib\site-packages (from -r requirements.txt (line 8)) (2.0.32)
Requirement already satisfied: mysql-connector-python==9.0.0 in d:\usuarios\alumno\escritorio\trackingmed-app\backend\.venv\lib\site-packages (from -r requirements.txt (line 9)) (9.0.0)
Requirement already satisfied: python-socketio==5.11.4 in d:\usuarios\alumno\escritorio\trackingmed-app\backend\.venv\lib\site-packages (from python-socketio[asyncio_client]==5.11.4->-r requirements.txt (line 12)) (5.11.4)
Requirement already satisfied: python-multipart==0.0.9 in d:\usuarios\alumno\escritorio\trackingmed-app\backend\.venv\lib\site-packages (from -r requirements.txt (line 15)) (0.0.9)
Requirement already satisfied: python-jose==3.3.0 in d:\usuarios\alumno\escritorio\trackingmed-app\backend\.venv\lib\site-packages (from python-jose[cryptography]==3.3.0->-r requirements.txt (line 18)) (3.3.0)
Requirement already satisfied: passlib==1.7.4 in d:\usuarios\alumno\escritorio\trackingmed-app\backend\.venv\lib\site-packages (from passlib[bcrypt]==1.7.4->-r requirements.txt (line 19)) (1.7.4)
Requirement already satisfied: python-dotenv==1.0.1 in d:\usuarios\alumno\escritorio\trackingmed-app\backend\.venv\lib\site-packages (from -r requirements.txt (line 22)) (1.0.1)
Requirement already satisfied: pydantic==2.9.2 in d:\usuarios\alumno\escritorio\trackingmed-app\backend\.venv\lib\site-packages (from -r requirements.txt (line 25)) (2.9.2)
Requirement already satisfied: pydantic-settings==2.6.0 in d:\usuarios\alumno\escritorio\trackingmed-app\backend\.venv\lib\site-packages (from -r requirements.txt (line 26)) (2.6.0)
Requirement already satisfied: starlette<0.39.0,>=0.37.2 in d:\usuarios\alumno\escritorio\trackingmed-app\backend\.venv\lib\site-packages (from fastapi==0.115.0->-r requirements.txt (line 2)) (0.38.6)
Requirement already satisfied: typing-extensions>=4.8.0 in d:\usuarios\alumno\escritorio\trackingmed-app\backend\.venv\lib\site-packages (from fastapi==0.115.0->-r requirements.txt (line 2)) (4.15.0)
Requirement already satisfied: annotated-types>=0.6.0 in d:\usuarios\alumno\escritorio\trackingmed-app\backend\.venv\lib\site-packages (from pydantic==2.9.2->-r requirements.txt (line 25)) (0.7.0)
Requirement already satisfied: pydantic-core==2.23.4 in d:\usuarios\alumno\escritorio\trackingmed-app\backend\.venv\lib\site-packages (from pydantic==2.9.2->-r requirements.txt (line 25)) (2.23.4)
Requirement already satisfied: click>=7.0 in d:\usuarios\alumno\escritorio\trackingmed-app\backend\.venv\lib\site-packages (from uvicorn==0.30.6->uvicorn[standard]==0.30.6->-r requirements.txt (line 5)) (8.3.0)
Requirement already satisfied: h11>=0.8 in d:\usuarios\alumno\escritorio\trackingmed-app\backend\.venv\lib\site-packages (from uvicorn==0.30.6->uvicorn[standard]==0.30.6->-r requirements.txt (line 5)) (0.16.0)
Requirement already satisfied: bidict>=0.21.0 in d:\usuarios\alumno\escritorio\trackingmed-app\backend\.venv\lib\site-packages (from python-socketio==5.11.4->python-socketio[asyncio_client]==5.11.4->-r requirements.txt (line 12)) (0.23.1)
Requirement already satisfied: python-engineio>=4.8.0 in d:\usuarios\alumno\escritorio\trackingmed-app\backend\.venv\lib\site-packages (from python-socketio==5.11.4->python-socketio[asyncio_client]==5.11.4->-r requirements.txt (line 12)) (4.12.3)
Requirement already satisfied: ecdsa!=0.15 in d:\usuarios\alumno\escritorio\trackingmed-app\backend\.venv\lib\site-packages (from python-jose==3.3.0->python-jose[cryptography]==3.3.0->-r requirements.txt (line 18)) (0.19.1)
Requirement already satisfied: rsa in d:\usuarios\alumno\escritorio\trackingmed-app\backend\.venv\lib\site-packages (from python-jose==3.3.0->python-jose[cryptography]==3.3.0->-r requirements.txt (line 18)) (4.9.1)
Requirement already satisfied: pyasn1 in d:\usuarios\alumno\escritorio\trackingmed-app\backend\.venv\lib\site-packages (from python-jose==3.3.0->python-jose[cryptography]==3.3.0->-r requirements.txt (line 18)) (0.6.1)
Requirement already satisfied: bcrypt>=3.1.0 in d:\usuarios\alumno\escritorio\trackingmed-app\backend\.venv\lib\site-packages (from passlib[bcrypt]==1.7.4->-r requirements.txt (line 19)) (5.0.0)
Requirement already satisfied: cryptography>=3.4.0 in d:\usuarios\alumno\escritorio\trackingmed-app\backend\.venv\lib\site-packages (from python-jose[cryptography]==3.3.0->-r requirements.txt (line 18)) (46.0.3)
Requirement already satisfied: aiohttp>=3.4 in d:\usuarios\alumno\escritorio\trackingmed-app\backend\.venv\lib\site-packages (from python-socketio[asyncio_client]==5.11.4->-r requirements.txt (line 12)) (3.13.1)
Requirement already satisfied: colorama>=0.4 in d:\usuarios\alumno\escritorio\trackingmed-app\backend\.venv\lib\site-packages (from uvicorn[standard]==0.30.6->-r requirements.txt (line 5)) (0.4.6)
Requirement already satisfied: httptools>=0.5.0 in d:\usuarios\alumno\escritorio\trackingmed-app\backend\.venv\lib\site-packages (from uvicorn[standard]==0.30.6->-r requirements.txt (line 5)) (0.7.1)
Requirement already satisfied: pyyaml>=5.1 in d:\usuarios\alumno\escritorio\trackingmed-app\backend\.venv\lib\site-packages (from uvicorn[standard]==0.30.6->-r requirements.txt (line 5)) (6.0.3)
Requirement already satisfied: watchfiles>=0.13 in d:\usuarios\alumno\escritorio\trackingmed-app\backend\.venv\lib\site-packages (from uvicorn[standard]==0.30.6->-r requirements.txt (line 5)) (1.1.1)
Requirement already satisfied: websockets>=10.4 in d:\usuarios\alumno\escritorio\trackingmed-app\backend\.venv\lib\site-packages (from uvicorn[standard]==0.30.6->-r requirements.txt (line 5)) (15.0.1)
Requirement already satisfied: anyio<5,>=3.4.0 in d:\usuarios\alumno\escritorio\trackingmed-app\backend\.venv\lib\site-packages (from starlette<0.39.0,>=0.37.2->fastapi==0.115.0->-r requirements.txt (line 2)) (4.11.0)
Requirement already satisfied: idna>=2.8 in d:\usuarios\alumno\escritorio\trackingmed-app\backend\.venv\lib\site-packages (from anyio<5,>=3.4.0->starlette<0.39.0,>=0.37.2->fastapi==0.115.0->-r requirements.txt (line 2)) (3.11)
Requirement already satisfied: sniffio>=1.1 in d:\usuarios\alumno\escritorio\trackingmed-app\backend\.venv\lib\site-packages (from anyio<5,>=3.4.0->starlette<0.39.0,>=0.37.2->fastapi==0.115.0->-r requirements.txt (line 2)) (1.3.1)
Requirement already satisfied: aiohappyeyeballs>=2.5.0 in d:\usuarios\alumno\escritorio\trackingmed-app\backend\.venv\lib\site-packages (from aiohttp>=3.4->python-socketio[asyncio_client]==5.11.4->-r requirements.txt (line 12)) (2.6.1)
Requirement already satisfied: aiosignal>=1.4.0 in d:\usuarios\alumno\escritorio\trackingmed-app\backend\.venv\lib\site-packages (from aiohttp>=3.4->python-socketio[asyncio_client]==5.11.4->-r requirements.txt (line 12)) (1.4.0)
Requirement already satisfied: attrs>=17.3.0 in d:\usuarios\alumno\escritorio\trackingmed-app\backend\.venv\lib\site-packages (from aiohttp>=3.4->python-socketio[asyncio_client]==5.11.4->-r requirements.txt (line 12)) (25.4.0)
Requirement already satisfied: frozenlist>=1.1.1 in d:\usuarios\alumno\escritorio\trackingmed-app\backend\.venv\lib\site-packages (from aiohttp>=3.4->python-socketio[asyncio_client]==5.11.4->-r requirements.txt (line 12)) (1.8.0)
Requirement already satisfied: multidict<7.0,>=4.5 in d:\usuarios\alumno\escritorio\trackingmed-app\backend\.venv\lib\site-packages (from aiohttp>=3.4->python-socketio[asyncio_client]==5.11.4->-r requirements.txt (line 12)) (6.7.0)
Requirement already satisfied: propcache>=0.2.0 in d:\usuarios\alumno\escritorio\trackingmed-app\backend\.venv\lib\site-packages (from aiohttp>=3.4->python-socketio[asyncio_client]==5.11.4->-r requirements.txt (line 12)) (0.4.1)
Requirement already satisfied: yarl<2.0,>=1.17.0 in d:\usuarios\alumno\escritorio\trackingmed-app\backend\.venv\lib\site-packages (from aiohttp>=3.4->python-socketio[asyncio_client]==5.11.4->-r requirements.txt (line 12)) (1.22.0)
Requirement already satisfied: cffi>=2.0.0 in d:\usuarios\alumno\escritorio\trackingmed-app\backend\.venv\lib\site-packages (from cryptography>=3.4.0->python-jose[cryptography]==3.3.0->-r requirements.txt (line 18)) (2.0.0)
Requirement already satisfied: pycparser in d:\usuarios\alumno\escritorio\trackingmed-app\backend\.venv\lib\site-packages (from cffi>=2.0.0->cryptography>=3.4.0->python-jose[cryptography]==3.3.0->-r requirements.txt (line 18)) (2.23)
Requirement already satisfied: six>=1.9.0 in d:\usuarios\alumno\escritorio\trackingmed-app\backend\.venv\lib\site-packages (from ecdsa!=0.15->python-jose==3.3.0->python-jose[cryptography]==3.3.0->-r requirements.txt (line 18)) (1.17.0)
Requirement already satisfied: simple-websocket>=0.10.0 in d:\usuarios\alumno\escritorio\trackingmed-app\backend\.venv\lib\site-packages (from python-engineio>=4.8.0->python-socketio==5.11.4->python-socketio[asyncio_client]==5.11.4->-r requirements.txt (line 12)) (1.1.0)
Requirement already satisfied: wsproto in d:\usuarios\alumno\escritorio\trackingmed-app\backend\.venv\lib\site-packages (from simple-websocket>=0.10.0->python-engineio>=4.8.0->python-socketio==5.11.4->python-socketio[asyncio_client]==5.11.4->-r requirements.txt (line 12)) (1.2.0)
